<?xml version="1.0" encoding="UTF-8"?>
<!-- Generated by org.testng.reporters.JUnitReportReporter -->
<testsuite hostname="Nanirams-MBP.cable.rcn.com" failures="0" tests="3" name="DEMO1.AwesomeqaTest" time="29.504" errors="0" timestamp="2023-03-14T21:39:58 EDT" skipped="1">
  <testcase classname="DEMO1.AwesomeqaTest" name="loginNegativeTest" time="14.796"/>
  <system-out/>
  <testcase classname="DEMO1.AwesomeqaTest" name="loginPositiveTest" time="14.708"/>
  <system-out/>
  <testcase classname="DEMO1.AwesomeqaTest" name="Registration">
    <skipped/>
  </testcase> <!-- Registration -->
  <system-out/>
</testsuite> <!-- DEMO1.AwesomeqaTest -->
