<?xml version="1.0" encoding="UTF-8"?>
<!-- Generated by org.testng.reporters.JUnitReportReporter -->
<testsuite hostname="Nanirams-MBP.cable.rcn.com" failures="0" tests="2" name="DEMO1.LoginVwoTest" time="39.980" errors="0" timestamp="2023-03-11T21:17:39 EST" skipped="0">
  <testcase classname="DEMO1.LoginVwoTest" name="loginNegetiveTest" time="18.716"/>
  <system-out/>
  <testcase classname="DEMO1.LoginVwoTest" name="loginPositiveTest" time="21.264"/>
  <system-out/>
</testsuite> <!-- DEMO1.LoginVwoTest -->
