<?xml version="1.0" encoding="UTF-8"?>
<!-- Generated by org.testng.reporters.JUnitReportReporter -->
<testsuite hostname="Nanirams-MBP.cable.rcn.com" failures="0" tests="2" name="DEMO1.LoginVwoTest" time="42.887" errors="0" timestamp="2023-03-14T21:39:58 EDT" skipped="0">
  <testcase classname="DEMO1.LoginVwoTest" name="loginPositiveTest" time="23.110"/>
  <system-out/>
  <testcase classname="DEMO1.LoginVwoTest" name="loginNegetiveTest" time="19.777"/>
  <system-out/>
</testsuite> <!-- DEMO1.LoginVwoTest -->
